mktextfm cmr10
mktextfm cmr10
mktextfm cmr8
mktextfm cmr6
mktextfm cmmi10
mktextfm cmmi8
mktextfm cmmi6
mktextfm cmsy10
mktextfm cmsy8
mktextfm cmsy6
mktextfm cmex10
mktextfm cmex10
mktextfm cmex10
mktextfm cmbx10
mktextfm cmbx12
mktextfm cmr9
mktextfm cmtt9
mktextfm cmr12
mktextfm cmbx12
mktextfm cmmi12
mktextfm cmsy10
mktextfm cmex10
mktextfm cmsy10
mktextfm nullfont
mktextfm cmti10
mktextfm cmbx9
mktextfm cmr10
mktextfm cmr10
mktextfm cmr10
mktextfm cmr8
mktextfm cmr6
mktextfm cmmi10
mktextfm cmmi8
mktextfm cmmi6
mktextfm cmsy10
mktextfm cmsy8
mktextfm cmsy6
mktextfm cmex10
mktextfm cmex10
mktextfm cmex10
mktextfm cmbx10
mktextfm cmbx12
mktextfm cmr9
mktextfm cmtt9
mktextfm cmr12
mktextfm cmbx12
mktextfm cmmi12
mktextfm cmsy10
mktextfm cmex10
mktextfm cmsy10
mktextfm nullfont
mktextfm cmti10
mktextfm cmbx9
