This is pdfTeX, Version 3.14159265-2.6-1.40.15 (TeX Live 2014) (preloaded format=pdflatex 2015.10.14)  14 OCT 2015 02:33
entering extended mode
 restricted \write18 enabled.
 %&-line parsing enabled.
**trevorrice.tex
(./trevorrice.tex
LaTeX2e <2011/06/27>
Babel <3.9k> and hyphenation patterns for 2 languages loaded.
(/usr/share/texlive/texmf-dist/tex/latex/base/article.cls
Document Class: article 2007/10/19 v1.4h Standard LaTeX document class
(/usr/share/texlive/texmf-dist/tex/latex/base/size11.clo
File: size11.clo 2007/10/19 v1.4h Standard LaTeX file (size option)

! Font OT1/cmr/m/n/10.95=cmr10 at 10.95pt not loadable: Metric (TFM) file not f
ound.
<to be read again> 
                   relax 
l.64 \normalsize
                
? q
OK, entering batchmode...
)
\c@part=\count79
\c@section=\count80
\c@subsection=\count81
\c@subsubsection=\count82
\c@paragraph=\count83
\c@subparagraph=\count84
\c@figure=\count85
\c@table=\count86
\abovecaptionskip=\skip41
\belowcaptionskip=\skip42
\bibindent=\dimen102
)
(/usr/share/texlive/texmf-dist/tex/latex/base/latexsym.sty
Package: latexsym 1998/08/17 v2.2e Standard LaTeX package (lasy symbols)
\symlasy=\mathgroup4
LaTeX Font Info:    Overwriting symbol font `lasy' in version `bold'
(Font)                  U/lasy/m/n --> U/lasy/b/n on input line 47.
)

! LaTeX Error: File `fullpage.sty' not found.

Type X to quit or <RETURN> to proceed,
or enter new name. (Default extension: sty)

 Enter file name: 
! Emergency stop.
<read *> 
         
l.22 \usepackage
                [usenames,dvipsnames]{color} \usepackage{verbatim}^^M
*** (cannot \read from terminal in nonstop modes)

 
Here is how much of TeX's memory you used:
 211 strings out of 495025
 2376 string characters out of 6181514
 47403 words of memory out of 5000000
 3512 multiletter control sequences out of 15000+600000
 695 words of font info for 4 fonts, out of 8000000 for 9000
 14 hyphenation exceptions out of 8191
 21i,0n,19p,165b,35s stack positions out of 5000i,500n,10000p,200000b,80000s
!  ==> Fatal error occurred, no output PDF file produced!
